This is pdfTeX, Version 3.14159265-2.6-1.40.21 (TeX Live 2020/Debian) (preloaded format=pdflatex 2023.2.3)  21 FEB 2023 10:07
entering extended mode
 restricted \write18 enabled.
 %&-line parsing enabled.
**karnaugh-map.ins
(./karnaugh-map.ins
LaTeX2e <2020-10-01> patch level 4
L3 programming layer <2021-01-09> xparse <2020-03-03>
(/usr/share/texlive/texmf-dist/tex/latex/base/docstrip.tex
\blockLevel=\count177
\emptyLines=\count178
\processedLines=\count179
\commentsRemoved=\count180
\commentsPassed=\count181
\codeLinesPassed=\count182
\TotalprocessedLines=\count183
\TotalcommentsRemoved=\count184
\TotalcommentsPassed=\count185
\TotalcodeLinesPassed=\count186
\NumberOfFiles=\count187
\inFile=\read2
\inputcheck=\read3
\off@0=\count188
\off@1=\count189
\off@2=\count190
\off@3=\count191
\off@4=\count192
\off@5=\count193
\off@6=\count194
\off@7=\count195
\off@8=\count196
\off@9=\count197
\off@10=\count198
\off@11=\count199
\off@12=\count266
\off@13=\count267
\off@14=\count268
\off@15=\count269
\@maxfiles=\count270
\@maxoutfiles=\count271

Utility: `docstrip' v2.6a <2020-07-07>
English documentation    <2020-07-11>

**********************************************************
* This program converts documented macro-files into fast *
* loadable files by stripping off (nearly) all comments! *
**********************************************************

********************************************************
* No Configuration file found, using default settings. *
********************************************************

)

Generating file(s) ./karnaugh-map.sty 
\openout0 = `./karnaugh-map.sty'.


Processing file karnaugh-map.dtx (package) -> karnaugh-map.sty
File karnaugh-map.dtx ended by \endinput.
Lines  processed: 1566
Comments removed: 693
Comments  passed: 32
Codelines passed: 831

*********************************************************
*
* To finish the installation you have to move the
* following file into a directory searched by TeX:
*
*   karnaugh-map.sty
*
* To produce the documentation run the file
* karnaugh-map.dtx through LaTeX.
*
* Happy TeXing!
*********************************************************
 ) 
Here is how much of TeX's memory you used:
 331 strings out of 479304
 3589 string characters out of 5869780
 280484 words of memory out of 5000000
 17617 multiletter control sequences out of 15000+600000
 403430 words of font info for 27 fonts, out of 8000000 for 9000
 1141 hyphenation exceptions out of 8191
 13i,0n,15p,779b,120s stack positions out of 5000i,500n,10000p,200000b,80000s

No pages of output.
PDF statistics:
 0 PDF objects out of 1000 (max. 8388607)
 0 named destinations out of 1000 (max. 500000)
 1 words of extra memory for PDF output out of 10000 (max. 10000000)

